<?xml version="1.0" encoding="UTF-8"?>
<!-- Generated by org.testng.reporters.JUnitXMLReporter -->
<testsuite ignored="0" hostname="Joy" failures="1" tests="1" name="smoke test" time="0.303" errors="0" timestamp="05 Dec 2023 00:48:45 GMT">
  <testcase classname="io.cucumber.testng.AbstractTestNGCucumberTests" name="runScenario" time="0.085">
    <failure type="java.lang.NullPointerException">
      <![CDATA[java.lang.NullPointerException
at luma.ny.stepdefinition.NewStepDef.user_is_able_to_click_on_sign_in_btn(NewStepDef.java:25)
at ✽.User is able to click on sign in BTN(file:///C:/Users/hassi/Documents/Ec/Luma_Automation_Framework2/./Features/LoginTest.feature:7)
]]>
    </failure>
  </testcase> <!-- runScenario -->
</testsuite> <!-- smoke test -->
