<?xml version="1.0" encoding="UTF-8"?>
<testng-results ignored="0" total="1" passed="1" failed="0" skipped="0">
  <reporter-output>
  </reporter-output>
  <suite started-at="2023-12-05T01:13:56Z" name="Default suite" finished-at="2023-12-05T01:14:01Z" duration-ms="4887">
    <groups>
      <group name="cucumber">
        <method signature="AbstractTestNGCucumberTests.runScenario(io.cucumber.testng.PickleWrapper, io.cucumber.testng.FeatureWrapper)[pri:0, instance:luma.ny.myrunner.MyRunner@68702e03]" name="runScenario" class="io.cucumber.testng.AbstractTestNGCucumberTests"/>
      </group> <!-- cucumber -->
    </groups>
    <test started-at="2023-12-05T01:13:56Z" name="Default test" finished-at="2023-12-05T01:14:01Z" duration-ms="4887">
      <class name="luma.ny.myrunner.MyRunner">
        <test-method is-config="true" signature="setUpClass()[pri:0, instance:luma.ny.myrunner.MyRunner@68702e03]" started-at="2023-12-05T01:13:56Z" name="setUpClass" finished-at="2023-12-05T01:13:56Z" duration-ms="151" status="PASS">
          <reporter-output>
          </reporter-output>
        </test-method> <!-- setUpClass -->
        <test-method signature="runScenario(io.cucumber.testng.PickleWrapper, io.cucumber.testng.FeatureWrapper)[pri:0, instance:luma.ny.myrunner.MyRunner@68702e03]" started-at="2023-12-05T01:13:56Z" name="runScenario" description="Runs Cucumber Scenarios" data-provider="scenarios" finished-at="2023-12-05T01:14:01Z" duration-ms="4690" status="PASS">
          <params>
            <param index="0">
              <value>
                <![CDATA["Valid able loging the application"]]>
              </value>
            </param>
            <param index="1">
              <value>
                <![CDATA["Optional[Valid Users can login the application.]"]]>
              </value>
            </param>
          </params>
          <reporter-output>
          </reporter-output>
        </test-method> <!-- runScenario -->
        <test-method is-config="true" signature="tearDownClass()[pri:0, instance:luma.ny.myrunner.MyRunner@68702e03]" started-at="2023-12-05T01:14:01Z" name="tearDownClass" finished-at="2023-12-05T01:14:01Z" duration-ms="36" status="PASS">
          <reporter-output>
          </reporter-output>
        </test-method> <!-- tearDownClass -->
      </class> <!-- luma.ny.myrunner.MyRunner -->
    </test> <!-- Default test -->
  </suite> <!-- Default suite -->
</testng-results>
