<?xml version="1.0" encoding="UTF-8"?>
<!-- Generated by org.testng.reporters.JUnitReportReporter -->
<testsuite hostname="Joy" failures="0" tests="1" name="luma.ny.myrunner.MyRunner" time="0.085" errors="1" timestamp="05 Dec 2023 00:48:45 GMT" skipped="0">
  <testcase classname="luma.ny.myrunner.MyRunner" name="runScenario" time="0.085">
    <error type="java.lang.NullPointerException">
      <![CDATA[java.lang.NullPointerException
at luma.ny.stepdefinition.NewStepDef.user_is_able_to_click_on_sign_in_btn(NewStepDef.java:25)
at ✽.User is able to click on sign in BTN(file:///C:/Users/hassi/Documents/Ec/Luma_Automation_Framework2/./Features/LoginTest.feature:7)
]]>
    </error>
  </testcase> <!-- runScenario -->
</testsuite> <!-- luma.ny.myrunner.MyRunner -->
